#
# A fatal error has been detected by the Java Runtime Environment:
#
#  EXCEPTION_ACCESS_VIOLATION (0xc0000005) at pc=0x74c2c585, pid=1504, tid=556
#
# JRE version: 6.0_17-b04
# Java VM: Java HotSpot(TM) Client VM (14.3-b01 mixed mode windows-x86 )
# Problematic frame:
# V  [jvm.dll+0xfc585]
#
# If you would like to submit a bug report, please visit:
#   http://java.sun.com/webapps/bugreport/crash.jsp
#

---------------  T H R E A D  ---------------

Current thread (0x0d449800):  JavaThread "Code Analyzer updating thread" [_thread_in_vm, id=556, stack(0x22410000,0x22490000)]

siginfo: ExceptionCode=0xc0000005, reading address 0x00000000

Registers:
EAX=0x00000000, EBX=0x0d449910, ECX=0x0d449800, EDX=0x74d467a4
ESP=0x2248f1d8, EBP=0x2248f220, ESI=0x0d449800, EDI=0x00000000
EIP=0x74c2c585, EFLAGS=0x00010246

Top of Stack: (sp=0x2248f1d8)
0x2248f1d8:   0d9ca830 0d449910 73f02fba 2248f27c
0x2248f1e8:   74d1dff0 74d1f2f0 ffffffff 2248f204
0x2248f1f8:   74b310e0 0d449800 2248fc80 2248f234
0x2248f208:   74c2f5b9 0d449800 0d449800 0d9ca024
0x2248f218:   000004bb 74d467a4 2248f238 73f010fd
0x2248f228:   0d449910 0d9ca830 00000000 2248f24c
0x2248f238:   2248faa8 73f02fea 0d449910 0d9ca830
0x2248f248:   00000000 78aa2dc7 2248fa9c 2248f4ec 

Instructions: (pc=0x74c2c585)
0x74c2c575:   00 00 00 74 08 8d 4d f0 e8 3e 24 08 00 8b 7d 10
0x74c2c585:   8b 07 c7 45 e0 0c 00 00 00 8b 48 08 0f b7 51 26 


Stack: [0x22410000,0x22490000],  sp=0x2248f1d8,  free space=508k
Native frames: (J=compiled Java code, j=interpreted, Vv=VM code, C=native code)
V  [jvm.dll+0xfc585]
C  0x73f010fd
C  0x73f02fea
j  com.mathworks.widgets.text.mcode.MLint.nativeGetMessages(Ljava/lang/String;Ljava/lang/String;)Ljava/util/List;+0
j  com.mathworks.widgets.text.mcode.MLint.getMessages(Ljava/lang/String;Ljava/lang/String;Lcom/mathworks/widgets/text/mcode/MLintConfiguration;Z)Ljava/util/List;+67
j  com.mathworks.widgets.text.mcode.analyzer.CodeAnalyzerThread.doMLint()V+95
j  com.mathworks.widgets.text.mcode.analyzer.CodeAnalyzerThread.access$400(Lcom/mathworks/widgets/text/mcode/analyzer/CodeAnalyzerThread;)V+1
j  com.mathworks.widgets.text.mcode.analyzer.CodeAnalyzerThread$MLintRunnable.run()V+14
j  java.lang.Thread.run()V+11
v  ~StubRoutines::call_stub
V  [jvm.dll+0xecf9c]
V  [jvm.dll+0x1741d1]
V  [jvm.dll+0xed167]
V  [jvm.dll+0xed1dd]
V  [jvm.dll+0x116290]
V  [jvm.dll+0x1d0414]
V  [jvm.dll+0x173e4c]
C  [MSVCR71.dll+0x9565]
C  [kernel32.dll+0xb713]

Java frames: (J=compiled Java code, j=interpreted, Vv=VM code)
j  com.mathworks.widgets.text.mcode.MLint.nativeGetMessages(Ljava/lang/String;Ljava/lang/String;)Ljava/util/List;+0
j  com.mathworks.widgets.text.mcode.MLint.getMessages(Ljava/lang/String;Ljava/lang/String;Lcom/mathworks/widgets/text/mcode/MLintConfiguration;Z)Ljava/util/List;+67
j  com.mathworks.widgets.text.mcode.analyzer.CodeAnalyzerThread.doMLint()V+95
j  com.mathworks.widgets.text.mcode.analyzer.CodeAnalyzerThread.access$400(Lcom/mathworks/widgets/text/mcode/analyzer/CodeAnalyzerThread;)V+1
j  com.mathworks.widgets.text.mcode.analyzer.CodeAnalyzerThread$MLintRunnable.run()V+14
j  java.lang.Thread.run()V+11
v  ~StubRoutines::call_stub

---------------  P R O C E S S  ---------------

Java Threads: ( => current thread )
  0x0d047800 JavaThread "FileDecorationCache request queue" daemon [_thread_blocked, id=1060, stack(0x247b0000,0x24830000)]
=>0x0d449800 JavaThread "Code Analyzer updating thread" [_thread_in_vm, id=556, stack(0x22410000,0x22490000)]
  0x0da37800 JavaThread "Code Analyzer updating thread" [_thread_blocked, id=164, stack(0x22390000,0x22410000)]
  0x0da14800 JavaThread "Active Reference Queue Daemon" daemon [_thread_blocked, id=3736, stack(0x22310000,0x22390000)]
  0x0da14400 JavaThread "Timer-1" daemon [_thread_blocked, id=3608, stack(0x22290000,0x22310000)]
  0x0da08c00 JavaThread "ClipboardMonitor Timer" daemon [_thread_blocked, id=1056, stack(0x22210000,0x22290000)]
  0x0d854c00 JavaThread "Explorer NavigationContext request queue" daemon [_thread_blocked, id=2744, stack(0x20090000,0x20110000)]
  0x0d837c00 JavaThread "AddressBar directory emptiness poller" daemon [_thread_blocked, id=4016, stack(0x0ff80000,0x10000000)]
  0x0d8e5400 JavaThread "Explorer Refresh Service 19375804" daemon [_thread_blocked, id=2040, stack(0x0ff00000,0x0ff80000)]
  0x0b20d000 JavaThread "Thread-4" daemon [_thread_blocked, id=600, stack(0x0fbd0000,0x0fc50000)]
  0x0cf0dc00 JavaThread "TimerQueue" daemon [_thread_blocked, id=1392, stack(0x0fa10000,0x0fa90000)]
  0x0ceefc00 JavaThread "Thread-3" daemon [_thread_blocked, id=3020, stack(0x0dfb0000,0x0e030000)]
  0x0ce3e400 JavaThread "AWT-EventQueue-0" [_thread_blocked, id=916, stack(0x0df30000,0x0dfb0000)]
  0x0ce3dc00 JavaThread "AWT-Shutdown" [_thread_blocked, id=552, stack(0x0dd30000,0x0ddb0000)]
  0x0ce17000 JavaThread "FelixPackageAdmin" daemon [_thread_blocked, id=640, stack(0x0deb0000,0x0df30000)]
  0x0cd80400 JavaThread "FelixStartLevel" daemon [_thread_blocked, id=1084, stack(0x0de30000,0x0deb0000)]
  0x0ce10400 JavaThread "FelixDispatchQueue" daemon [_thread_blocked, id=128, stack(0x0ddb0000,0x0de30000)]
  0x0ccfd800 JavaThread "com.google.common.base.internal.Finalizer" daemon [_thread_blocked, id=2704, stack(0x0db20000,0x0dba0000)]
  0x0ba67400 JavaThread "Timer-0" [_thread_blocked, id=2956, stack(0x0ca20000,0x0caa0000)]
  0x0bd37400 JavaThread "AWT-Windows" daemon [_thread_in_native, id=3124, stack(0x0c8d0000,0x0c950000)]
  0x0bdf0400 JavaThread "Java2D Disposer" daemon [_thread_blocked, id=3644, stack(0x0c7d0000,0x0c850000)]
  0x0bd77000 JavaThread "EventMgr Dispatcher" daemon [_thread_in_native, id=1852, stack(0x0bfd0000,0x0c7d0000)]
  0x0484b000 JavaThread "Low Memory Detector" daemon [_thread_blocked, id=3228, stack(0x0a800000,0x0a880000)]
  0x04845000 JavaThread "CompilerThread0" daemon [_thread_blocked, id=3068, stack(0x0a000000,0x0a800000)]
  0x04843c00 JavaThread "Attach Listener" daemon [_thread_blocked, id=3084, stack(0x09f80000,0x0a000000)]
  0x04833400 JavaThread "Finalizer" daemon [_thread_blocked, id=1124, stack(0x09f00000,0x09f80000)]
  0x0482ec00 JavaThread "Reference Handler" daemon [_thread_blocked, id=584, stack(0x09e80000,0x09f00000)]
  0x046ab800 JavaThread "main" [_thread_in_native, id=432, stack(0x00430000,0x00c30000)]

Other Threads:
  0x0482b800 VMThread [stack: 0x09680000,0x09e80000] [id=2780]
  0x04856800 WatcherThread [stack: 0x0a880000,0x0b080000] [id=1020]

VM state:not at safepoint (normal execution)

VM Mutex/Monitor currently owned by a thread: None

Heap
 def new generation   total 18880K, used 14525K [0x10010000, 0x11480000, 0x12010000)
  eden space 16832K,  81% used [0x10010000, 0x10d7d410, 0x11080000)
  from space 2048K,  37% used [0x11280000, 0x11342170, 0x11480000)
  to   space 2048K,   0% used [0x11080000, 0x11080000, 0x11280000)
 tenured generation   total 62632K, used 40146K [0x12010000, 0x15d3a000, 0x18010000)
   the space 62632K,  64% used [0x12010000, 0x14744a48, 0x14744c00, 0x15d3a000)
 compacting perm gen  total 44800K, used 44797K [0x18010000, 0x1abd0000, 0x1e010000)
   the space 44800K,  99% used [0x18010000, 0x1abcf700, 0x1abcf800, 0x1abd0000)
No shared spaces configured.

Dynamic libraries:
0x00400000 - 0x00425000 	C:\Program Files\MATLAB\R2013a\bin\win32\matlab.exe
0x7c900000 - 0x7c9af000 	C:\WINDOWS\system32\ntdll.dll
0x7c800000 - 0x7c8f6000 	C:\WINDOWS\system32\kernel32.dll
0x7ef10000 - 0x7efa1000 	C:\Program Files\MATLAB\R2013a\bin\win32\libut.dll
0x7dce0000 - 0x7dd75000 	C:\Program Files\MATLAB\R2013a\bin\win32\libmwi18n.dll
0x10000000 - 0x1000b000 	C:\Program Files\MATLAB\R2013a\bin\win32\libmwresource_core.dll
0x78050000 - 0x780b9000 	C:\Program Files\MATLAB\R2013a\bin\win32\MSVCP100.dll
0x78aa0000 - 0x78b5f000 	C:\Program Files\MATLAB\R2013a\bin\win32\MSVCR100.dll
0x73d00000 - 0x73d0c000 	C:\Program Files\MATLAB\R2013a\bin\win32\boost_date_time-vc100-mt-1_49.dll
0x736b0000 - 0x736d5000 	C:\Program Files\MATLAB\R2013a\bin\win32\boost_filesystem-vc100-mt-1_49.dll
0x73f70000 - 0x73f77000 	C:\Program Files\MATLAB\R2013a\bin\win32\boost_system-vc100-mt-1_49.dll
0x77dd0000 - 0x77e6b000 	C:\WINDOWS\system32\ADVAPI32.dll
0x77e70000 - 0x77f02000 	C:\WINDOWS\system32\RPCRT4.dll
0x77fe0000 - 0x77ff1000 	C:\WINDOWS\system32\Secur32.dll
0x73550000 - 0x73571000 	C:\Program Files\MATLAB\R2013a\bin\win32\LIBEXPAT.dll
0x72eb0000 - 0x72ff9000 	C:\Program Files\MATLAB\R2013a\bin\win32\icuin49.dll
0x7ea10000 - 0x7eb17000 	C:\Program Files\MATLAB\R2013a\bin\win32\icuuc49.dll
0x00c30000 - 0x01d52000 	C:\Program Files\MATLAB\R2013a\bin\win32\icudt49.dll
0x73db0000 - 0x73dbd000 	C:\Program Files\MATLAB\R2013a\bin\win32\icuio49.dll
0x00280000 - 0x003d3000 	C:\Program Files\MATLAB\R2013a\bin\win32\libmwfl.dll
0x01d60000 - 0x02083000 	C:\Program Files\MATLAB\R2013a\bin\win32\libmwMATLAB_res.dll
0x7f130000 - 0x7f1e4000 	C:\Program Files\MATLAB\R2013a\bin\win32\boost_regex-vc100-mt-1_49.dll
0x7e410000 - 0x7e4a1000 	C:\WINDOWS\system32\USER32.dll
0x77f10000 - 0x77f59000 	C:\WINDOWS\system32\GDI32.dll
0x73c80000 - 0x73c8e000 	C:\Program Files\MATLAB\R2013a\bin\win32\boost_signals-vc100-mt-1_49.dll
0x73d10000 - 0x73d1e000 	C:\Program Files\MATLAB\R2013a\bin\win32\boost_thread-vc100-mt-1_49.dll
0x02090000 - 0x02104000 	C:\Program Files\MATLAB\R2013a\bin\win32\boost_log-vc100-mt-1_49.dll
0x76bf0000 - 0x76bfb000 	C:\WINDOWS\system32\PSAPI.DLL
0x71ab0000 - 0x71ac7000 	C:\WINDOWS\system32\WS2_32.dll
0x77c10000 - 0x77c68000 	C:\WINDOWS\system32\msvcrt.dll
0x71aa0000 - 0x71aa8000 	C:\WINDOWS\system32\WS2HELP.dll
0x02110000 - 0x02138000 	C:\Program Files\MATLAB\R2013a\bin\win32\tbb.dll
0x76c90000 - 0x76cb8000 	C:\WINDOWS\system32\imagehlp.dll
0x74ad0000 - 0x74ad8000 	C:\WINDOWS\system32\POWRPROF.dll
0x003e0000 - 0x003f9000 	C:\Program Files\MATLAB\R2013a\bin\win32\libmwmfl_scalar.dll
0x59a60000 - 0x59b01000 	C:\WINDOWS\system32\dbghelp.dll
0x77c00000 - 0x77c08000 	C:\WINDOWS\system32\VERSION.dll
0x02140000 - 0x023d6000 	C:\Program Files\MATLAB\R2013a\bin\win32\libmwservices.dll
0x7db50000 - 0x7dc0c000 	C:\Program Files\MATLAB\R2013a\bin\win32\libmx.dll
0x023e0000 - 0x023f8000 	C:\Program Files\MATLAB\R2013a\bin\win32\tbbmalloc.dll
0x73730000 - 0x73744000 	C:\Program Files\MATLAB\R2013a\bin\win32\zlib1.dll
0x02400000 - 0x0243d000 	C:\Program Files\MATLAB\R2013a\bin\win32\libmwregexp.dll
0x7df40000 - 0x7df78000 	C:\Program Files\MATLAB\R2013a\bin\win32\mpath.dll
0x72990000 - 0x72ea3000 	C:\Program Files\MATLAB\R2013a\bin\win32\mlutil.dll
0x7d670000 - 0x7d6d2000 	C:\Program Files\MATLAB\R2013a\bin\win32\xmlcore.dll
0x71cf0000 - 0x71eb0000 	C:\Program Files\MATLAB\R2013a\bin\win32\xerces-c_2_7.dll
0x02450000 - 0x0246f000 	C:\Program Files\MATLAB\R2013a\bin\win32\libmwMATLAB_settings_res.dll
0x02470000 - 0x0247d000 	C:\Program Files\MATLAB\R2013a\bin\win32\boost_iostreams-vc100-mt-1_49.dll
0x02480000 - 0x024be000 	C:\Program Files\MATLAB\R2013a\bin\win32\boost_serialization-vc100-mt-1_49.dll
0x7c9c0000 - 0x7d1d7000 	C:\WINDOWS\system32\SHELL32.dll
0x77f60000 - 0x77fd6000 	C:\WINDOWS\system32\SHLWAPI.dll
0x024c0000 - 0x024c5000 	C:\Program Files\MATLAB\R2013a\bin\win32\libmwnativedisplay.dll
0x5d090000 - 0x5d12a000 	C:\WINDOWS\system32\COMCTL32.dll
0x763b0000 - 0x763f9000 	C:\WINDOWS\system32\COMDLG32.dll
0x5b860000 - 0x5b8b6000 	C:\WINDOWS\system32\NETAPI32.dll
0x774e0000 - 0x7761e000 	C:\WINDOWS\system32\ole32.dll
0x77120000 - 0x771ab000 	C:\WINDOWS\system32\OLEAUT32.dll
0x7f270000 - 0x7f2f7000 	C:\Program Files\MATLAB\R2013a\bin\win32\mcr.dll
0x024d0000 - 0x0285e000 	C:\Program Files\MATLAB\R2013a\bin\win32\iqm.dll
0x7f630000 - 0x7f6b1000 	C:\Program Files\MATLAB\R2013a\bin\win32\m_dispatcher.dll
0x7b920000 - 0x7be74000 	C:\Program Files\MATLAB\R2013a\bin\win32\m_interpreter.dll
0x73dc0000 - 0x73ddc000 	C:\Program Files\MATLAB\R2013a\bin\win32\libmex.dll
0x7d8b0000 - 0x7d910000 	C:\Program Files\MATLAB\R2013a\bin\win32\profiler.dll
0x02860000 - 0x02acc000 	C:\Program Files\MATLAB\R2013a\bin\win32\libmwmathutil.dll
0x734f0000 - 0x7350f000 	C:\Program Files\MATLAB\R2013a\bin\win32\libmwmathrng.dll
0x02ad0000 - 0x02ade000 	C:\Program Files\MATLAB\R2013a\bin\win32\libmwmfl_rng.dll
0x7c390000 - 0x7c43b000 	C:\Program Files\MATLAB\R2013a\bin\win32\libmwmathcore.dll
0x7e000000 - 0x7e048000 	C:\Program Files\MATLAB\R2013a\bin\win32\libmwspmatrix.dll
0x72390000 - 0x72540000 	C:\Program Files\MATLAB\R2013a\bin\win32\mcos.dll
0x02ae0000 - 0x02b2b000 	C:\Program Files\MATLAB\R2013a\bin\win32\libmwcholmod.dll
0x73e70000 - 0x73e7a000 	C:\Program Files\MATLAB\R2013a\bin\win32\libmwamd.dll
0x78520000 - 0x785c3000 	C:\WINDOWS\WinSxS\x86_Microsoft.VC90.CRT_1fc8b3b9a1e18e3b_9.0.30729.6161_x-ww_31a54e43\MSVCR90.dll
0x73e80000 - 0x73e8a000 	C:\Program Files\MATLAB\R2013a\bin\win32\libmwcolamd.dll
0x02b60000 - 0x02b6b000 	C:\Program Files\MATLAB\R2013a\bin\win32\libmwblas.dll
0x73d30000 - 0x73d41000 	C:\Program Files\MATLAB\R2013a\bin\win32\libmwbinder.dll
0x73ea0000 - 0x73ea9000 	C:\Program Files\MATLAB\R2013a\bin\win32\libmwompwrapper.dll
0x73030000 - 0x73064000 	C:\Program Files\MATLAB\R2013a\bin\win32\libmwlapack.dll
0x73bf0000 - 0x73c07000 	C:\Program Files\MATLAB\R2013a\bin\win32\m_pcodeio.dll
0x7e080000 - 0x7e0c9000 	C:\Program Files\MATLAB\R2013a\bin\win32\m_ir.dll
0x70000000 - 0x70590000 	C:\Program Files\MATLAB\R2013a\bin\win32\m_parser.dll
0x02b70000 - 0x02b81000 	C:\Program Files\MATLAB\R2013a\bin\win32\ir_xfmr.dll
0x73e90000 - 0x73e9e000 	C:\Program Files\MATLAB\R2013a\bin\win32\mtok.dll
0x02b90000 - 0x02bb1000 	C:\Program Files\MATLAB\R2013a\bin\win32\m_pcodegen.dll
0x7e1c0000 - 0x7e1e7000 	C:\Program Files\MATLAB\R2013a\bin\win32\libmwbridge.dll
0x7f390000 - 0x7f421000 	C:\Program Files\MATLAB\R2013a\bin\win32\udd.dll
0x7e6f0000 - 0x7e808000 	C:\Program Files\MATLAB\R2013a\bin\win32\libmwgui.dll
0x73c10000 - 0x73c2d000 	C:\Program Files\MATLAB\R2013a\bin\win32\graphics_util.dll
0x02bc0000 - 0x02c72000 	C:\Program Files\MATLAB\R2013a\bin\win32\libtex_base.dll
0x02c80000 - 0x033cc000 	C:\Program Files\MATLAB\R2013a\bin\win32\hg.dll
0x033d0000 - 0x03416000 	C:\Program Files\MATLAB\R2013a\bin\win32\libmat.dll
0x75d10000 - 0x75ef9000 	C:\Program Files\MATLAB\R2013a\bin\win32\hdf5dll.dll
0x7d9d0000 - 0x7da76000 	C:\Program Files\MATLAB\R2013a\bin\win32\jmi.dll
0x03430000 - 0x0343c000 	C:\Program Files\MATLAB\R2013a\bin\win32\nativejava_services.dll
0x732b0000 - 0x732e2000 	C:\Program Files\MATLAB\R2013a\bin\win32\libmwhardcopy.dll
0x7de70000 - 0x7deb8000 	C:\Program Files\MATLAB\R2013a\bin\win32\libuij.dll
0x03440000 - 0x03612000 	C:\Program Files\MATLAB\R2013a\bin\win32\hgdatatypes.dll
0x7d2e0000 - 0x7d39d000 	C:\Program Files\MATLAB\R2013a\bin\win32\hgutils.dll
0x03620000 - 0x036a8000 	C:\Program Files\MATLAB\R2013a\bin\win32\udd_mi.dll
0x036b0000 - 0x036dd000 	C:\Program Files\MATLAB\R2013a\bin\win32\libmwgbtutils.dll
0x036e0000 - 0x036f0000 	C:\Program Files\MATLAB\R2013a\bin\win32\libmwgbt.dll
0x74dc0000 - 0x75065000 	C:\Program Files\MATLAB\R2013a\bin\win32\uiw.dll
0x73ee0000 - 0x73ee8000 	C:\Program Files\MATLAB\R2013a\bin\win32\uinone.dll
0x036f0000 - 0x0370e000 	C:\Program Files\MATLAB\R2013a\bin\win32\libmwnativefiledialogs.dll
0x03710000 - 0x03719000 	C:\Program Files\MATLAB\R2013a\bin\win32\libmwplatform_res.dll
0x71b20000 - 0x71b32000 	C:\WINDOWS\system32\MPR.dll
0x78b60000 - 0x78f98000 	C:\Program Files\MATLAB\R2013a\bin\win32\mfc100.dll
0x76380000 - 0x76385000 	C:\WINDOWS\system32\MSIMG32.dll
0x73000000 - 0x73026000 	C:\WINDOWS\system32\WINSPOOL.DRV
0x73710000 - 0x73726000 	C:\Program Files\MATLAB\R2013a\bin\win32\mwoles05.DLL
0x7dc40000 - 0x7dc93000 	C:\Program Files\MATLAB\R2013a\bin\win32\comcli.dll
0x78a60000 - 0x78a86000 	C:\Program Files\MATLAB\R2013a\bin\win32\ATL100.DLL
0x73e00000 - 0x73e0a000 	C:\Program Files\MATLAB\R2013a\bin\win32\mlautoregister.dll
0x03720000 - 0x0385c000 	C:\Program Files\MATLAB\R2013a\bin\win32\mvm.dll
0x76390000 - 0x763ad000 	C:\WINDOWS\system32\IMM32.DLL
0x773d0000 - 0x774d3000 	C:\WINDOWS\WinSxS\x86_Microsoft.Windows.Common-Controls_6595b64144ccf1df_6.0.2600.5512_x-ww_35d4ce83\comctl32.dll
0x5ad70000 - 0x5ada8000 	C:\WINDOWS\system32\UxTheme.dll
0x5d360000 - 0x5d36d000 	C:\Program Files\MATLAB\R2013a\bin\win32\MFC100ENU.DLL
0x043b0000 - 0x043f2000 	C:\Program Files\MATLAB\R2013a\bin\win32\MVMLocal.dll
0x74720000 - 0x7476c000 	C:\WINDOWS\system32\MSCTF.dll
0x755c0000 - 0x755ee000 	C:\WINDOWS\system32\msctfime.ime
0x74b30000 - 0x74dbb000 	C:\Program Files\MATLAB\R2013a\sys\java\jre\win32\jre\bin\client\jvm.dll
0x76b40000 - 0x76b6d000 	C:\WINDOWS\system32\WINMM.dll
0x7d910000 - 0x7d966000 	C:\Program Files\MATLAB\R2013a\bin\win32\MSVCR71.dll
0x71a50000 - 0x71a8f000 	C:\WINDOWS\System32\mswsock.dll
0x76f20000 - 0x76f47000 	C:\WINDOWS\system32\DNSAPI.dll
0x76d60000 - 0x76d79000 	C:\WINDOWS\system32\iphlpapi.dll
0x76fb0000 - 0x76fb8000 	C:\WINDOWS\System32\winrnr.dll
0x76f60000 - 0x76f8c000 	C:\WINDOWS\system32\WLDAP32.dll

VM Arguments:
jvm_args: -Xss512k -XX:PermSize=32m -Xms64m -XX:NewRatio=3 -XX:MaxPermSize=96m -Xmx128m -XX:MaxDirectMemorySize=1200000000 -Dsun.java2d.noddraw=true -Dsun.awt.nopixfmt=true -Xshare:off -Xrs -Dsun.awt.disableMixing=true -Djava.library.path=C:\Program Files\MATLAB\R2013a\bin\win32;C:\Program Files\MATLAB\R2013a\sys\jxbrowser\win32\lib vfprintf abort 
java_command: <unknown>
Launcher Type: generic

Environment Variables:
PATH=C:\WINDOWS\system32;C:\WINDOWS;C:\WINDOWS\system32\WBEM;C:\Program Files\Common Files\Roxio Shared\DLLShared\;C:\Program Files\Microsoft SQL Server\80\Tools\Binn\;C:\Program Files\IVI\bin;C:\VXIPNP\WinNT\Bin;C:\Program Files\SlikSvn\bin;C:\Program Files\MATLAB\R2013a\bin
USERNAME=EGI
OS=Windows_NT
PROCESSOR_IDENTIFIER=x86 Family 15 Model 4 Stepping 7, GenuineIntel



---------------  S Y S T E M  ---------------

OS: Windows XP Build 2600 Service Pack 3

CPU:total 2 (2 cores per cpu, 1 threads per core) family 15 model 4 stepping 7, cmov, cx8, fxsr, mmx, sse, sse2, sse3

Memory: 4k page, physical 1038412k(238408k free), swap 2499656k(1839676k free)

vm_info: Java HotSpot(TM) Client VM (14.3-b01) for windows-x86 JRE (1.6.0_17-b04), built on Oct 11 2009 00:52:06 by "java_re" with MS VC++ 7.1

time: Mon Apr 13 10:41:04 2015
elapsed time: 1845 seconds

